
  .   ____          _            __ _ _
 /\\ / ___'_ __ _ _(_)_ __  __ _ \ \ \ \
( ( )\___ | '_ | '_| | '_ \/ _` | \ \ \ \
 \\/  ___)| |_)| | | | | || (_| |  ) ) ) )
  '  |____| .__|_| |_|_| |_\__, | / / / /
 =========|_|==============|___/=/_/_/_/

 :: Spring Boot ::               (v3.5.13)

2026-04-07T02:13:01.960+05:30  INFO 21436 --- [tastybuddy-backend] [           main] c.t.t.TastybuddyBackendApplication       : Starting TastybuddyBackendApplication v0.0.1-SNAPSHOT using Java 25.0.1 with PID 21436 (C:\Users\ASUS\Downloads\tastybuddy-backend\target\tastybuddy-backend-0.0.1-SNAPSHOT.jar started by ASUS in C:\Users\ASUS\Downloads\tastybuddy-backend)
2026-04-07T02:13:01.967+05:30  INFO 21436 --- [tastybuddy-backend] [           main] c.t.t.TastybuddyBackendApplication       : No active profile set, falling back to 1 default profile: "default"
2026-04-07T02:13:05.457+05:30  INFO 21436 --- [tastybuddy-backend] [           main] .s.d.r.c.RepositoryConfigurationDelegate : Bootstrapping Spring Data JPA repositories in DEFAULT mode.
2026-04-07T02:13:05.629+05:30  INFO 21436 --- [tastybuddy-backend] [           main] .s.d.r.c.RepositoryConfigurationDelegate : Finished Spring Data repository scanning in 144 ms. Found 5 JPA repository interfaces.
2026-04-07T02:13:07.127+05:30  INFO 21436 --- [tastybuddy-backend] [           main] o.s.b.w.embedded.tomcat.TomcatWebServer  : Tomcat initialized with port 8080 (http)
2026-04-07T02:13:07.171+05:30  INFO 21436 --- [tastybuddy-backend] [           main] o.apache.catalina.core.StandardService   : Starting service [Tomcat]
2026-04-07T02:13:07.173+05:30  INFO 21436 --- [tastybuddy-backend] [           main] o.apache.catalina.core.StandardEngine    : Starting Servlet engine: [Apache Tomcat/10.1.53]
2026-04-07T02:13:07.274+05:30  INFO 21436 --- [tastybuddy-backend] [           main] o.a.c.c.C.[Tomcat].[localhost].[/]       : Initializing Spring embedded WebApplicationContext
2026-04-07T02:13:07.276+05:30  INFO 21436 --- [tastybuddy-backend] [           main] w.s.c.ServletWebServerApplicationContext : Root WebApplicationContext: initialization completed in 5186 ms
2026-04-07T02:13:08.206+05:30  INFO 21436 --- [tastybuddy-backend] [           main] com.zaxxer.hikari.HikariDataSource       : HikariPool-1 - Starting...
2026-04-07T02:13:08.673+05:30  INFO 21436 --- [tastybuddy-backend] [           main] com.zaxxer.hikari.pool.HikariPool        : HikariPool-1 - Added connection conn0: url=jdbc:h2:mem:tastybuddy user=SA
2026-04-07T02:13:08.679+05:30  INFO 21436 --- [tastybuddy-backend] [           main] com.zaxxer.hikari.HikariDataSource       : HikariPool-1 - Start completed.
2026-04-07T02:13:08.788+05:30  INFO 21436 --- [tastybuddy-backend] [           main] org.flywaydb.core.FlywayExecutor         : Database: jdbc:h2:mem:tastybuddy (H2 2.3)
2026-04-07T02:13:08.894+05:30  INFO 21436 --- [tastybuddy-backend] [           main] o.f.c.i.s.JdbcTableSchemaHistory         : Schema history table "PUBLIC"."flyway_schema_history" does not exist yet
2026-04-07T02:13:08.906+05:30  INFO 21436 --- [tastybuddy-backend] [           main] o.f.core.internal.command.DbValidate     : Successfully validated 1 migration (execution time 00:00.054s)
2026-04-07T02:13:08.929+05:30  INFO 21436 --- [tastybuddy-backend] [           main] org.flywaydb.core.Flyway                 : All configured schemas are empty; baseline operation skipped. A baseline or migration script with a lower version than the baseline version may execute if available. Check the Schemas parameter if this is not intended.
2026-04-07T02:13:08.934+05:30  INFO 21436 --- [tastybuddy-backend] [           main] o.f.c.i.s.JdbcTableSchemaHistory         : Creating Schema History table "PUBLIC"."flyway_schema_history" ...
2026-04-07T02:13:09.009+05:30  INFO 21436 --- [tastybuddy-backend] [           main] o.f.core.internal.command.DbMigrate      : Current version of schema "PUBLIC": << Empty Schema >>
2026-04-07T02:13:09.026+05:30  INFO 21436 --- [tastybuddy-backend] [           main] o.f.core.internal.command.DbMigrate      : Migrating schema "PUBLIC" to version "1 - initial schema"
2026-04-07T02:13:09.064+05:30  INFO 21436 --- [tastybuddy-backend] [           main] o.f.core.internal.command.DbMigrate      : Successfully applied 1 migration to schema "PUBLIC", now at version v1 (execution time 00:00.027s)
2026-04-07T02:13:09.594+05:30  INFO 21436 --- [tastybuddy-backend] [           main] o.hibernate.jpa.internal.util.LogHelper  : HHH000204: Processing PersistenceUnitInfo [name: default]
2026-04-07T02:13:09.797+05:30  INFO 21436 --- [tastybuddy-backend] [           main] org.hibernate.Version                    : HHH000412: Hibernate ORM core version 6.6.45.Final
2026-04-07T02:13:09.896+05:30  INFO 21436 --- [tastybuddy-backend] [           main] o.h.c.internal.RegionFactoryInitiator    : HHH000026: Second-level cache disabled
2026-04-07T02:13:10.892+05:30  INFO 21436 --- [tastybuddy-backend] [           main] o.s.o.j.p.SpringPersistenceUnitInfo      : No LoadTimeWeaver setup: ignoring JPA class transformer
2026-04-07T02:13:11.062+05:30  WARN 21436 --- [tastybuddy-backend] [           main] org.hibernate.orm.deprecation            : HHH90000025: H2Dialect does not need to be specified explicitly using 'hibernate.dialect' (remove the property setting and it will be selected by default)
2026-04-07T02:13:11.117+05:30  INFO 21436 --- [tastybuddy-backend] [           main] org.hibernate.orm.connections.pooling    : HHH10001005: Database info:
	Database JDBC URL [Connecting through datasource 'HikariDataSource (HikariPool-1)']
	Database driver: undefined/unknown
	Database version: 2.3.232
	Autocommit mode: undefined/unknown
	Isolation level: undefined/unknown
	Minimum pool size: undefined/unknown
	Maximum pool size: undefined/unknown
2026-04-07T02:13:15.426+05:30  INFO 21436 --- [tastybuddy-backend] [           main] o.h.e.t.j.p.i.JtaPlatformInitiator       : HHH000489: No JTA platform available (set 'hibernate.transaction.jta.platform' to enable JTA platform integration)
2026-04-07T02:13:15.581+05:30  INFO 21436 --- [tastybuddy-backend] [           main] j.LocalContainerEntityManagerFactoryBean : Initialized JPA EntityManagerFactory for persistence unit 'default'
2026-04-07T02:13:16.860+05:30  INFO 21436 --- [tastybuddy-backend] [           main] o.s.d.j.r.query.QueryEnhancerFactory     : Hibernate is in classpath; If applicable, HQL parser will be used.
2026-04-07T02:13:18.895+05:30  INFO 21436 --- [tastybuddy-backend] [           main] o.s.b.a.w.s.WelcomePageHandlerMapping    : Adding welcome page: class path resource [static/index.html]
2026-04-07T02:13:19.505+05:30  INFO 21436 --- [tastybuddy-backend] [           main] o.s.b.a.e.web.EndpointLinksResolver      : Exposing 2 endpoints beneath base path '/actuator'
2026-04-07T02:13:20.698+05:30  INFO 21436 --- [tastybuddy-backend] [           main] o.s.b.w.embedded.tomcat.TomcatWebServer  : Tomcat started on port 8080 (http) with context path '/'
2026-04-07T02:13:20.727+05:30  INFO 21436 --- [tastybuddy-backend] [           main] c.t.t.TastybuddyBackendApplication       : Started TastybuddyBackendApplication in 19.715 seconds (process running for 20.876)
2026-04-07T02:13:21.359+05:30  WARN 21436 --- [tastybuddy-backend] [           main] o.s.core.events.SpringDocAppInitializer  : SpringDoc /v3/api-docs endpoint is enabled by default. To disable it in production, set the property 'springdoc.api-docs.enabled=false'
2026-04-07T02:13:21.363+05:30  WARN 21436 --- [tastybuddy-backend] [           main] o.s.core.events.SpringDocAppInitializer  : SpringDoc /swagger-ui.html endpoint is enabled by default. To disable it in production, set the property 'springdoc.swagger-ui.enabled=false'
2026-04-07T02:13:26.203+05:30  INFO 21436 --- [tastybuddy-backend] [nio-8080-exec-2] o.a.c.c.C.[Tomcat].[localhost].[/]       : Initializing Spring DispatcherServlet 'dispatcherServlet'
2026-04-07T02:13:26.204+05:30  INFO 21436 --- [tastybuddy-backend] [nio-8080-exec-2] o.s.web.servlet.DispatcherServlet        : Initializing Servlet 'dispatcherServlet'
2026-04-07T02:13:26.207+05:30  INFO 21436 --- [tastybuddy-backend] [nio-8080-exec-2] o.s.web.servlet.DispatcherServlet        : Completed initialization in 1 ms
2026-04-07T02:32:47.518+05:30  INFO 21436 --- [tastybuddy-backend] [nio-8080-exec-2] o.springdoc.api.AbstractOpenApiResource  : Init duration for springdoc-openapi is: 1167 ms
