
  .   ____          _            __ _ _
 /\\ / ___'_ __ _ _(_)_ __  __ _ \ \ \ \
( ( )\___ | '_ | '_| | '_ \/ _` | \ \ \ \
 \\/  ___)| |_)| | | | | || (_| |  ) ) ) )
  '  |____| .__|_| |_|_| |_\__, | / / / /
 =========|_|==============|___/=/_/_/_/

 :: Spring Boot ::               (v3.5.13)

2026-07-16T05:17:04.715+05:30  INFO 18400 --- [tastybuddy-backend] [           main] c.t.t.TastybuddyBackendApplication       : Starting TastybuddyBackendApplication using Java 25.0.1 with PID 18400 (C:\Users\ASUS\Downloads\tastybuddy-backend\target\classes started by ASUS in C:\Users\ASUS\Downloads\tastybuddy-backend)
2026-07-16T05:17:04.717+05:30  INFO 18400 --- [tastybuddy-backend] [           main] c.t.t.TastybuddyBackendApplication       : No active profile set, falling back to 1 default profile: "default"
2026-07-16T05:17:06.247+05:30  INFO 18400 --- [tastybuddy-backend] [           main] .s.d.r.c.RepositoryConfigurationDelegate : Bootstrapping Spring Data JPA repositories in DEFAULT mode.
2026-07-16T05:17:06.371+05:30  INFO 18400 --- [tastybuddy-backend] [           main] .s.d.r.c.RepositoryConfigurationDelegate : Finished Spring Data repository scanning in 102 ms. Found 5 JPA repository interfaces.
2026-07-16T05:17:07.238+05:30  INFO 18400 --- [tastybuddy-backend] [           main] o.s.b.w.embedded.tomcat.TomcatWebServer  : Tomcat initialized with port 8082 (http)
2026-07-16T05:17:07.263+05:30  INFO 18400 --- [tastybuddy-backend] [           main] o.apache.catalina.core.StandardService   : Starting service [Tomcat]
2026-07-16T05:17:07.265+05:30  INFO 18400 --- [tastybuddy-backend] [           main] o.apache.catalina.core.StandardEngine    : Starting Servlet engine: [Apache Tomcat/10.1.53]
2026-07-16T05:17:07.360+05:30  INFO 18400 --- [tastybuddy-backend] [           main] o.a.c.c.C.[Tomcat].[localhost].[/]       : Initializing Spring embedded WebApplicationContext
2026-07-16T05:17:07.362+05:30  INFO 18400 --- [tastybuddy-backend] [           main] w.s.c.ServletWebServerApplicationContext : Root WebApplicationContext: initialization completed in 2582 ms
2026-07-16T05:17:07.857+05:30  INFO 18400 --- [tastybuddy-backend] [           main] com.zaxxer.hikari.HikariDataSource       : HikariPool-1 - Starting...
2026-07-16T05:17:08.134+05:30  INFO 18400 --- [tastybuddy-backend] [           main] com.zaxxer.hikari.pool.HikariPool        : HikariPool-1 - Added connection conn0: url=jdbc:h2:mem:tastybuddy user=ROOT
2026-07-16T05:17:08.137+05:30  INFO 18400 --- [tastybuddy-backend] [           main] com.zaxxer.hikari.HikariDataSource       : HikariPool-1 - Start completed.
2026-07-16T05:17:08.197+05:30  INFO 18400 --- [tastybuddy-backend] [           main] org.flywaydb.core.FlywayExecutor         : Database: jdbc:h2:mem:tastybuddy (H2 2.3)
2026-07-16T05:17:08.238+05:30  INFO 18400 --- [tastybuddy-backend] [           main] o.f.c.i.s.JdbcTableSchemaHistory         : Schema history table "PUBLIC"."flyway_schema_history" does not exist yet
2026-07-16T05:17:08.242+05:30  INFO 18400 --- [tastybuddy-backend] [           main] o.f.core.internal.command.DbValidate     : Successfully validated 1 migration (execution time 00:00.018s)
2026-07-16T05:17:08.251+05:30  INFO 18400 --- [tastybuddy-backend] [           main] org.flywaydb.core.Flyway                 : All configured schemas are empty; baseline operation skipped. A baseline or migration script with a lower version than the baseline version may execute if available. Check the Schemas parameter if this is not intended.
2026-07-16T05:17:08.252+05:30  INFO 18400 --- [tastybuddy-backend] [           main] o.f.c.i.s.JdbcTableSchemaHistory         : Creating Schema History table "PUBLIC"."flyway_schema_history" ...
2026-07-16T05:17:08.284+05:30  INFO 18400 --- [tastybuddy-backend] [           main] o.f.core.internal.command.DbMigrate      : Current version of schema "PUBLIC": << Empty Schema >>
2026-07-16T05:17:08.294+05:30  INFO 18400 --- [tastybuddy-backend] [           main] o.f.core.internal.command.DbMigrate      : Migrating schema "PUBLIC" to version "1 - init schema"
2026-07-16T05:17:08.320+05:30  INFO 18400 --- [tastybuddy-backend] [           main] o.f.core.internal.command.DbMigrate      : Successfully applied 1 migration to schema "PUBLIC", now at version v1 (execution time 00:00.016s)
2026-07-16T05:17:08.422+05:30  INFO 18400 --- [tastybuddy-backend] [           main] o.hibernate.jpa.internal.util.LogHelper  : HHH000204: Processing PersistenceUnitInfo [name: default]
2026-07-16T05:17:08.486+05:30  INFO 18400 --- [tastybuddy-backend] [           main] org.hibernate.Version                    : HHH000412: Hibernate ORM core version 6.6.45.Final
2026-07-16T05:17:08.525+05:30  INFO 18400 --- [tastybuddy-backend] [           main] o.h.c.internal.RegionFactoryInitiator    : HHH000026: Second-level cache disabled
2026-07-16T05:17:08.829+05:30  INFO 18400 --- [tastybuddy-backend] [           main] o.s.o.j.p.SpringPersistenceUnitInfo      : No LoadTimeWeaver setup: ignoring JPA class transformer
2026-07-16T05:17:08.892+05:30  WARN 18400 --- [tastybuddy-backend] [           main] org.hibernate.orm.deprecation            : HHH90000025: H2Dialect does not need to be specified explicitly using 'hibernate.dialect' (remove the property setting and it will be selected by default)
2026-07-16T05:17:08.908+05:30  INFO 18400 --- [tastybuddy-backend] [           main] org.hibernate.orm.connections.pooling    : HHH10001005: Database info:
	Database JDBC URL [Connecting through datasource 'HikariDataSource (HikariPool-1)']
	Database driver: undefined/unknown
	Database version: 2.3.232
	Autocommit mode: undefined/unknown
	Isolation level: undefined/unknown
	Minimum pool size: undefined/unknown
	Maximum pool size: undefined/unknown
2026-07-16T05:17:09.871+05:30  INFO 18400 --- [tastybuddy-backend] [           main] o.h.e.t.j.p.i.JtaPlatformInitiator       : HHH000489: No JTA platform available (set 'hibernate.transaction.jta.platform' to enable JTA platform integration)
2026-07-16T05:17:09.897+05:30  INFO 18400 --- [tastybuddy-backend] [           main] j.LocalContainerEntityManagerFactoryBean : Initialized JPA EntityManagerFactory for persistence unit 'default'
2026-07-16T05:17:10.250+05:30  INFO 18400 --- [tastybuddy-backend] [           main] o.s.d.j.r.query.QueryEnhancerFactory     : Hibernate is in classpath; If applicable, HQL parser will be used.
2026-07-16T05:17:11.162+05:30  INFO 18400 --- [tastybuddy-backend] [           main] o.s.b.a.e.web.EndpointLinksResolver      : Exposing 2 endpoints beneath base path '/actuator'
2026-07-16T05:17:11.705+05:30  WARN 18400 --- [tastybuddy-backend] [           main] ConfigServletWebServerApplicationContext : Exception encountered during context initialization - cancelling refresh attempt: org.springframework.context.ApplicationContextException: Failed to start bean 'webServerStartStop'
2026-07-16T05:17:11.710+05:30  INFO 18400 --- [tastybuddy-backend] [           main] j.LocalContainerEntityManagerFactoryBean : Closing JPA EntityManagerFactory for persistence unit 'default'
2026-07-16T05:17:11.713+05:30  INFO 18400 --- [tastybuddy-backend] [           main] com.zaxxer.hikari.HikariDataSource       : HikariPool-1 - Shutdown initiated...
2026-07-16T05:17:11.716+05:30  INFO 18400 --- [tastybuddy-backend] [           main] com.zaxxer.hikari.HikariDataSource       : HikariPool-1 - Shutdown completed.
2026-07-16T05:17:11.739+05:30  INFO 18400 --- [tastybuddy-backend] [           main] .s.b.a.l.ConditionEvaluationReportLogger : 

Error starting ApplicationContext. To display the condition evaluation report re-run your application with 'debug' enabled.
2026-07-16T05:17:11.770+05:30 ERROR 18400 --- [tastybuddy-backend] [           main] o.s.b.d.LoggingFailureAnalysisReporter   : 

***************************
APPLICATION FAILED TO START
***************************

Description:

Web server failed to start. Port 8082 was already in use.

Action:

Identify and stop the process that's listening on port 8082 or configure this application to listen on another port.

[ERROR] Failed to execute goal org.springframework.boot:spring-boot-maven-plugin:3.5.13:run (default-cli) on project tastybuddy-backend: Process terminated with exit code: 1 -> [Help 1]
[ERROR] 
[ERROR] To see the full stack trace of the errors, re-run Maven with the -e switch.
[ERROR] Re-run Maven using the -X switch to enable full debug logging.
[ERROR] 
[ERROR] For more2026-07-16T05:18:57.139+05:30  INFO 19388 --- [tastybuddy-backend] [nio-8082-exec-3] o.springdoc.api.AbstractOpenApiResource  : Init duration for springdoc-openapi is: 656 ms
ion
