[INFO] Scanning for projects...
[INFO] 
[INFO] -----------------< com.tastybuddy:tastybuddy-backend >------------------
[INFO] Building tastybuddy-backend 0.0.1-SNAPSHOT
[INFO]   from pom.xml
[INFO] --------------------------------[ jar ]---------------------------------
[INFO] 
[INFO] >>> spring-boot:3.5.13:run (default-cli) > test-compile @ tastybuddy-backend >>>
[INFO] 
[INFO] --- resources:3.3.1:resources (default-resources) @ tastybuddy-backend ---
[INFO] Copying 1 resource from src\main\resources to target\classes
[INFO] Copying 4 resources from src\main\resources to target\classes
[INFO] 
[INFO] --- compiler:3.14.1:compile (default-compile) @ tastybuddy-backend ---
[INFO] Nothing to compile - all classes are up to date.
[INFO] 
[INFO] --- resources:3.3.1:testResources (default-testResources) @ tastybuddy-backend ---
[INFO] Copying 1 resource from src\test\resources to target\test-classes
[INFO] 
[INFO] --- compiler:3.14.1:testCompile (default-testCompile) @ tastybuddy-backend ---
[INFO] Nothing to compile - all classes are up to date.
[INFO] 
[INFO] <<< spring-boot:3.5.13:run (default-cli) < test-compile @ tastybuddy-backend <<<
[INFO] 
[INFO] 
[INFO] --- spring-boot:3.5.13:run (default-cli) @ tastybuddy-backend ---
[INFO] Attaching agents: []

  .   ____          _            __ _ _
 /\\ / ___'_ __ _ _(_)_ __  __ _ \ \ \ \
( ( )\___ | '_ | '_| | '_ \/ _` | \ \ \ \
 \\/  ___)| |_)| | | | | || (_| |  ) ) ) )
  '  |____| .__|_| |_|_| |_\__, | / / / /
 =========|_|==============|___/=/_/_/_/

 :: Spring Boot ::               (v3.5.13)

2026-07-17T10:19:38.564+05:30  INFO 20488 --- [tastybuddy-backend] [           main] c.t.t.TastybuddyBackendApplication       : Starting TastybuddyBackendApplication using Java 25.0.1 with PID 20488 (C:\Users\ASUS\Downloads\tastybuddy-backend\target\classes started by ASUS in C:\Users\ASUS\Downloads\tastybuddy-backend)
2026-07-17T10:19:38.569+05:30  INFO 20488 --- [tastybuddy-backend] [           main] c.t.t.TastybuddyBackendApplication       : No active profile set, falling back to 1 default profile: "default"
2026-07-17T10:19:40.870+05:30  INFO 20488 --- [tastybuddy-backend] [           main] .s.d.r.c.RepositoryConfigurationDelegate : Bootstrapping Spring Data JPA repositories in DEFAULT mode.
2026-07-17T10:19:41.089+05:30  INFO 20488 --- [tastybuddy-backend] [           main] .s.d.r.c.RepositoryConfigurationDelegate : Finished Spring Data repository scanning in 189 ms. Found 5 JPA repository interfaces.
2026-07-17T10:19:42.288+05:30  INFO 20488 --- [tastybuddy-backend] [           main] o.s.b.w.embedded.tomcat.TomcatWebServer  : Tomcat initialized with port 8085 (http)
2026-07-17T10:19:42.321+05:30  INFO 20488 --- [tastybuddy-backend] [           main] o.apache.catalina.core.StandardService   : Starting service [Tomcat]
2026-07-17T10:19:42.321+05:30  INFO 20488 --- [tastybuddy-backend] [           main] o.apache.catalina.core.StandardEngine    : Starting Servlet engine: [Apache Tomcat/10.1.53]
2026-07-17T10:19:42.464+05:30  INFO 20488 --- [tastybuddy-backend] [           main] o.a.c.c.C.[Tomcat].[localhost].[/]       : Initializing Spring embedded WebApplicationContext
2026-07-17T10:19:42.469+05:30  INFO 20488 --- [tastybuddy-backend] [           main] w.s.c.ServletWebServerApplicationContext : Root WebApplicationContext: initialization completed in 3804 ms
2026-07-17T10:19:43.109+05:30  INFO 20488 --- [tastybuddy-backend] [           main] com.zaxxer.hikari.HikariDataSource       : HikariPool-1 - Starting...
2026-07-17T10:19:43.540+05:30  INFO 20488 --- [tastybuddy-backend] [           main] com.zaxxer.hikari.pool.HikariPool        : HikariPool-1 - Added connection conn0: url=jdbc:h2:mem:tastybuddy user=ROOT
2026-07-17T10:19:43.548+05:30  INFO 20488 --- [tastybuddy-backend] [           main] com.zaxxer.hikari.HikariDataSource       : HikariPool-1 - Start completed.
2026-07-17T10:19:43.639+05:30  INFO 20488 --- [tastybuddy-backend] [           main] org.flywaydb.core.FlywayExecutor         : Database: jdbc:h2:mem:tastybuddy (H2 2.3)
2026-07-17T10:19:43.705+05:30  INFO 20488 --- [tastybuddy-backend] [           main] o.f.c.i.s.JdbcTableSchemaHistory         : Schema history table "PUBLIC"."flyway_schema_history" does not exist yet
2026-07-17T10:19:43.712+05:30  INFO 20488 --- [tastybuddy-backend] [           main] o.f.core.internal.command.DbValidate     : Successfully validated 1 migration (execution time 00:00.027s)
2026-07-17T10:19:43.722+05:30  INFO 20488 --- [tastybuddy-backend] [           main] org.flywaydb.core.Flyway                 : All configured schemas are empty; baseline operation skipped. A baseline or migration script with a lower version than the baseline version may execute if available. Check the Schemas parameter if this is not intended.
2026-07-17T10:19:43.722+05:30  INFO 20488 --- [tastybuddy-backend] [           main] o.f.c.i.s.JdbcTableSchemaHistory         : Creating Schema History table "PUBLIC"."flyway_schema_history" ...
2026-07-17T10:19:43.769+05:30  INFO 20488 --- [tastybuddy-backend] [           main] o.f.core.internal.command.DbMigrate      : Current version of schema "PUBLIC": << Empty Schema >>
2026-07-17T10:19:43.786+05:30  INFO 20488 --- [tastybuddy-backend] [           main] o.f.core.internal.command.DbMigrate      : Migrating schema "PUBLIC" to version "1 - init schema"
2026-07-17T10:19:43.823+05:30  INFO 20488 --- [tastybuddy-backend] [           main] o.f.core.internal.command.DbMigrate      : Successfully applied 1 migration to schema "PUBLIC", now at version v1 (execution time 00:00.020s)
2026-07-17T10:19:44.020+05:30  INFO 20488 --- [tastybuddy-backend] [           main] o.hibernate.jpa.internal.util.LogHelper  : HHH000204: Processing PersistenceUnitInfo [name: default]
2026-07-17T10:19:44.156+05:30  INFO 20488 --- [tastybuddy-backend] [           main] org.hibernate.Version                    : HHH000412: Hibernate ORM core version 6.6.45.Final
2026-07-17T10:19:44.240+05:30  INFO 20488 --- [tastybuddy-backend] [           main] o.h.c.internal.RegionFactoryInitiator    : HHH000026: Second-level cache disabled
2026-07-17T10:19:44.859+05:30  INFO 20488 --- [tastybuddy-backend] [           main] o.s.o.j.p.SpringPersistenceUnitInfo      : No LoadTimeWeaver setup: ignoring JPA class transformer
2026-07-17T10:19:44.984+05:30  WARN 20488 --- [tastybuddy-backend] [           main] org.hibernate.orm.deprecation            : HHH90000025: H2Dialect does not need to be specified explicitly using 'hibernate.dialect' (remove the property setting and it will be selected by default)
2026-07-17T10:19:45.019+05:30  INFO 20488 --- [tastybuddy-backend] [           main] org.hibernate.orm.connections.pooling    : HHH10001005: Database info:
	Database JDBC URL [Connecting through datasource 'HikariDataSource (HikariPool-1)']
	Database driver: undefined/unknown
	Database version: 2.3.232
	Autocommit mode: undefined/unknown
	Isolation level: undefined/unknown
	Minimum pool size: undefined/unknown
	Maximum pool size: undefined/unknown
2026-07-17T10:19:46.885+05:30  INFO 20488 --- [tastybuddy-backend] [           main] o.h.e.t.j.p.i.JtaPlatformInitiator       : HHH000489: No JTA platform available (set 'hibernate.transaction.jta.platform' to enable JTA platform integration)
2026-07-17T10:19:46.933+05:30  INFO 20488 --- [tastybuddy-backend] [           main] j.LocalContainerEntityManagerFactoryBean : Initialized JPA EntityManagerFactory for persistence unit 'default'
2026-07-17T10:19:47.586+05:30  INFO 20488 --- [tastybuddy-backend] [           main] o.s.d.j.r.query.QueryEnhancerFactory     : Hibernate is in classpath; If applicable, HQL parser will be used.
2026-07-17T10:19:48.709+05:30  INFO 20488 --- [tastybuddy-backend] [           main] o.s.b.a.w.s.WelcomePageHandlerMapping    : Adding welcome page: class path resource [static/index.html]
2026-07-17T10:19:49.320+05:30  INFO 20488 --- [tastybuddy-backend] [           main] o.s.b.a.e.web.EndpointLinksResolver      : Exposing 2 endpoints beneath base path '/actuator'
2026-07-17T10:19:50.347+05:30  INFO 20488 --- [tastybuddy-backend] [           main] o.s.b.w.embedded.tomcat.TomcatWebServer  : Tomcat started on port 8085 (http) with context path '/'
2026-07-17T10:19:50.363+05:30  INFO 20488 --- [tastybuddy-backend] [           main] c.t.t.TastybuddyBackendApplication       : Started TastybuddyBackendApplication in 12.572 seconds (process running for 13.201)
2026-07-17T10:19:51.048+05:30  WARN 20488 --- [tastybuddy-backend] [           main] c.t.t.c.StartupConfigurationValidator    : Using the default JWT secret for local startup only. Set a strong JWT_SECRET before production startup.
2026-07-17T10:19:51.048+05:30  WARN 20488 --- [tastybuddy-backend] [           main] c.t.t.c.StartupConfigurationValidator    : Payment endpoints are disabled until RAZORPAY_KEY and RAZORPAY_SECRET are configured.
2026-07-17T10:19:51.048+05:30  WARN 20488 --- [tastybuddy-backend] [           main] o.s.core.events.SpringDocAppInitializer  : SpringDoc /v3/api-docs endpoint is enabled by default. To disable it in production, set the property 'springdoc.api-docs.enabled=false'
2026-07-17T10:19:51.048+05:30  WARN 20488 --- [tastybuddy-backend] [           main] o.s.core.events.SpringDocAppInitializer  : SpringDoc /swagger-ui.html endpoint is enabled by default. To disable it in production, set the property 'springdoc.swagger-ui.enabled=false'
